c:\users\alexw\source\repos\glfwopengl\glfwopengl\x64\debug\vc142.pdb
c:\users\alexw\source\repos\glfwopengl\glfwopengl\x64\debug\vc142.idb
c:\users\alexw\source\repos\glfwopengl\glfwopengl\x64\debug\tile.obj
c:\users\alexw\source\repos\glfwopengl\glfwopengl\x64\debug\territory.obj
c:\users\alexw\source\repos\glfwopengl\glfwopengl\x64\debug\sea.obj
c:\users\alexw\source\repos\glfwopengl\glfwopengl\x64\debug\region.obj
c:\users\alexw\source\repos\glfwopengl\glfwopengl\x64\debug\province.obj
c:\users\alexw\source\repos\glfwopengl\glfwopengl\x64\debug\panel.obj
c:\users\alexw\source\repos\glfwopengl\glfwopengl\x64\debug\main.obj
c:\users\alexw\source\repos\glfwopengl\glfwopengl\x64\debug\land.obj
c:\users\alexw\source\repos\glfwopengl\glfwopengl\x64\debug\glfwopengl.obj
c:\users\alexw\source\repos\glfwopengl\glfwopengl\x64\debug\gamestate.obj
c:\users\alexw\source\repos\glfwopengl\glfwopengl\x64\debug\country.obj
c:\users\alexw\source\repos\glfwopengl\glfwopengl\x64\debug\button.obj
c:\users\alexw\source\repos\glfwopengl\glfwopengl\x64\debug\armies.obj
c:\users\alexw\source\repos\glfwopengl\glfwopengl\x64\debug\glad.obj
c:\users\alexw\source\repos\glfwopengl\x64\debug\glfwopengl.exe
c:\users\alexw\source\repos\glfwopengl\glfwopengl\x64\debug\glfwopengl.ilk
c:\users\alexw\source\repos\glfwopengl\x64\debug\glfwopengl.pdb
c:\users\alexw\source\repos\glfwopengl\glfwopengl\x64\debug\glfwopengl.tlog\cl.command.1.tlog
c:\users\alexw\source\repos\glfwopengl\glfwopengl\x64\debug\glfwopengl.tlog\cl.read.1.tlog
c:\users\alexw\source\repos\glfwopengl\glfwopengl\x64\debug\glfwopengl.tlog\cl.write.1.tlog
c:\users\alexw\source\repos\glfwopengl\glfwopengl\x64\debug\glfwopengl.tlog\link.command.1.tlog
c:\users\alexw\source\repos\glfwopengl\glfwopengl\x64\debug\glfwopengl.tlog\link.read.1.tlog
c:\users\alexw\source\repos\glfwopengl\glfwopengl\x64\debug\glfwopengl.tlog\link.write.1.tlog
